# JRE version: OpenJDK Runtime Environment (8.0_242-b01) (build 1.8.0_242-release-1644-b01)
# Java VM: OpenJDK 64-Bit Server VM (25.242-b01 mixed mode windows-amd64 compressed oops)
Heap:
 PSYoungGen      total 184832K, used 40737K [0x00000000d5580000, 0x00000000e2680000, 0x0000000100000000)
  eden space 168448K, 24% used [0x00000000d5580000,0x00000000d7d48670,0x00000000dfa00000)
  from space 16384K, 0% used [0x00000000dfa00000,0x00000000dfa00000,0x00000000e0a00000)
  to   space 14848K, 0% used [0x00000000e0a00000,0x00000000e0a00000,0x00000000e1880000)
 ParOldGen       total 62976K, used 38986K [0x0000000080000000, 0x0000000083d80000, 0x00000000d5580000)
  object space 62976K, 61% used [0x0000000080000000,0x0000000082612ab0,0x0000000083d80000)
 Metaspace       used 58453K, capacity 60430K, committed 60696K, reserved 1101824K
  class space    used 7597K, capacity 8103K, committed 8232K, reserved 1048576K
GC Heap History (10 events):
Event: 17.825 GC heap before
{Heap before GC invocations=8 (full 1):
 PSYoungGen      total 115712K, used 111150K [0x00000000d5580000, 0x00000000dec00000, 0x0000000100000000)
  eden space 107520K, 95% used [0x00000000d5580000,0x00000000dba1ef68,0x00000000dbe80000)
  from space 8192K, 99% used [0x00000000de400000,0x00000000debecbc8,0x00000000dec00000)
  to   space 12800K, 0% used [0x00000000dd300000,0x00000000dd300000,0x00000000ddf80000)
 ParOldGen       total 62976K, used 11656K [0x0000000080000000, 0x0000000083d80000, 0x00000000d5580000)
  object space 62976K, 18% used [0x0000000080000000,0x0000000080b621e0,0x0000000083d80000)
 Metaspace       used 34424K, capacity 35450K, committed 35496K, reserved 1079296K
  class space    used 4691K, capacity 5006K, committed 5032K, reserved 1048576K
Event: 17.842 GC heap after
Heap after GC invocations=8 (full 1):
 PSYoungGen      total 141312K, used 12519K [0x00000000d5580000, 0x00000000e1880000, 0x0000000100000000)
  eden space 128512K, 0% used [0x00000000d5580000,0x00000000d5580000,0x00000000dd300000)
  from space 12800K, 97% used [0x00000000dd300000,0x00000000ddf39ce8,0x00000000ddf80000)
  to   space 14848K, 0% used [0x00000000e0a00000,0x00000000e0a00000,0x00000000e1880000)
 ParOldGen       total 62976K, used 11664K [0x0000000080000000, 0x0000000083d80000, 0x00000000d5580000)
  object space 62976K, 18% used [0x0000000080000000,0x0000000080b641e0,0x0000000083d80000)
 Metaspace       used 34424K, capacity 35450K, committed 35496K, reserved 1079296K
  class space    used 4691K, capacity 5006K, committed 5032K, reserved 1048576K
}
Event: 17.843 GC heap before
{Heap before GC invocations=9 (full 2):
 PSYoungGen      total 141312K, used 12519K [0x00000000d5580000, 0x00000000e1880000, 0x0000000100000000)
  eden space 128512K, 0% used [0x00000000d5580000,0x00000000d5580000,0x00000000dd300000)
  from space 12800K, 97% used [0x00000000dd300000,0x00000000ddf39ce8,0x00000000ddf80000)
  to   space 14848K, 0% used [0x00000000e0a00000,0x00000000e0a00000,0x00000000e1880000)
 ParOldGen       total 62976K, used 11664K [0x0000000080000000, 0x0000000083d80000, 0x00000000d5580000)
  object space 62976K, 18% used [0x0000000080000000,0x0000000080b641e0,0x0000000083d80000)
 Metaspace       used 34424K, capacity 35450K, committed 35496K, reserved 1079296K
  class space    used 4691K, capacity 5006K, committed 5032K, reserved 1048576K
Event: 17.969 GC heap after
Heap after GC invocations=9 (full 2):
 PSYoungGen      total 141312K, used 0K [0x00000000d5580000, 0x00000000e1880000, 0x0000000100000000)
  eden space 128512K, 0% used [0x00000000d5580000,0x00000000d5580000,0x00000000dd300000)
  from space 12800K, 0% used [0x00000000dd300000,0x00000000dd300000,0x00000000ddf80000)
  to   space 14848K, 0% used [0x00000000e0a00000,0x00000000e0a00000,0x00000000e1880000)
 ParOldGen       total 62976K, used 19401K [0x0000000080000000, 0x0000000083d80000, 0x00000000d5580000)
  object space 62976K, 30% used [0x0000000080000000,0x00000000812f26e0,0x0000000083d80000)
 Metaspace       used 34424K, capacity 35450K, committed 35496K, reserved 1079296K
  class space    used 4691K, capacity 5006K, committed 5032K, reserved 1048576K
}
Event: 27.877 GC heap before
{Heap before GC invocations=10 (full 2):
 PSYoungGen      total 141312K, used 128512K [0x00000000d5580000, 0x00000000e1880000, 0x0000000100000000)
  eden space 128512K, 100% used [0x00000000d5580000,0x00000000dd300000,0x00000000dd300000)
  from space 12800K, 0% used [0x00000000dd300000,0x00000000dd300000,0x00000000ddf80000)
  to   space 14848K, 0% used [0x00000000e0a00000,0x00000000e0a00000,0x00000000e1880000)
 ParOldGen       total 62976K, used 19401K [0x0000000080000000, 0x0000000083d80000, 0x00000000d5580000)
  object space 62976K, 30% used [0x0000000080000000,0x00000000812f26e0,0x0000000083d80000)
 Metaspace       used 45441K, capacity 46860K, committed 47144K, reserved 1089536K
  class space    used 6004K, capacity 6336K, committed 6440K, reserved 1048576K
Event: 27.896 GC heap after
Heap after GC invocations=10 (full 2):
 PSYoungGen      total 183296K, used 13637K [0x00000000d5580000, 0x00000000e2680000, 0x0000000100000000)
  eden space 168448K, 0% used [0x00000000d5580000,0x00000000d5580000,0x00000000dfa00000)
  from space 14848K, 91% used [0x00000000e0a00000,0x00000000e17517a0,0x00000000e1880000)
  to   space 16384K, 0% used [0x00000000dfa00000,0x00000000dfa00000,0x00000000e0a00000)
 ParOldGen       total 62976K, used 19481K [0x0000000080000000, 0x0000000083d80000, 0x00000000d5580000)
  object space 62976K, 30% used [0x0000000080000000,0x00000000813066f0,0x0000000083d80000)
 Metaspace       used 45441K, capacity 46860K, committed 47144K, reserved 1089536K
  class space    used 6004K, capacity 6336K, committed 6440K, reserved 1048576K
}
Event: 49.775 GC heap before
{Heap before GC invocations=11 (full 2):
 PSYoungGen      total 183296K, used 169103K [0x00000000d5580000, 0x00000000e2680000, 0x0000000100000000)
  eden space 168448K, 92% used [0x00000000d5580000,0x00000000ded527c8,0x00000000dfa00000)
  from space 14848K, 91% used [0x00000000e0a00000,0x00000000e17517a0,0x00000000e1880000)
  to   space 16384K, 0% used [0x00000000dfa00000,0x00000000dfa00000,0x00000000e0a00000)
 ParOldGen       total 62976K, used 19481K [0x0000000080000000, 0x0000000083d80000, 0x00000000d5580000)
  object space 62976K, 30% used [0x0000000080000000,0x00000000813066f0,0x0000000083d80000)
 Metaspace       used 57070K, capacity 59038K, committed 59160K, reserved 1099776K
  class space    used 7417K, capacity 7914K, committed 7976K, reserved 1048576K
Event: 49.828 GC heap after
Heap after GC invocations=11 (full 2):
 PSYoungGen      total 184832K, used 16374K [0x00000000d5580000, 0x00000000e2680000, 0x0000000100000000)
  eden space 168448K, 0% used [0x00000000d5580000,0x00000000d5580000,0x00000000dfa00000)
  from space 16384K, 99% used [0x00000000dfa00000,0x00000000e09fd938,0x00000000e0a00000)
  to   space 14848K, 0% used [0x00000000e0a00000,0x00000000e0a00000,0x00000000e1880000)
 ParOldGen       total 62976K, used 27834K [0x0000000080000000, 0x0000000083d80000, 0x00000000d5580000)
  object space 62976K, 44% used [0x0000000080000000,0x0000000081b2ea20,0x0000000083d80000)
 Metaspace       used 57070K, capacity 59038K, committed 59160K, reserved 1099776K
  class space    used 7417K, capacity 7914K, committed 7976K, reserved 1048576K
}
Event: 49.828 GC heap before
{Heap before GC invocations=12 (full 3):
 PSYoungGen      total 184832K, used 16374K [0x00000000d5580000, 0x00000000e2680000, 0x0000000100000000)
  eden space 168448K, 0% used [0x00000000d5580000,0x00000000d5580000,0x00000000dfa00000)
  from space 16384K, 99% used [0x00000000dfa00000,0x00000000e09fd938,0x00000000e0a00000)
  to   space 14848K, 0% used [0x00000000e0a00000,0x00000000e0a00000,0x00000000e1880000)
 ParOldGen       total 62976K, used 27834K [0x0000000080000000, 0x0000000083d80000, 0x00000000d5580000)
  object space 62976K, 44% used [0x0000000080000000,0x0000000081b2ea20,0x0000000083d80000)
 Metaspace       used 57070K, capacity 59038K, committed 59160K, reserved 1099776K
  class space    used 7417K, capacity 7914K, committed 7976K, reserved 1048576K
Event: 50.130 GC heap after
Heap after GC invocations=12 (full 3):
 PSYoungGen      total 184832K, used 0K [0x00000000d5580000, 0x00000000e2680000, 0x0000000100000000)
  eden space 168448K, 0% used [0x00000000d5580000,0x00000000d5580000,0x00000000dfa00000)
  from space 16384K, 0% used [0x00000000dfa00000,0x00000000dfa00000,0x00000000e0a00000)
  to   space 14848K, 0% used [0x00000000e0a00000,0x00000000e0a00000,0x00000000e1880000)
 ParOldGen       total 62976K, used 38986K [0x0000000080000000, 0x0000000083d80000, 0x00000000d5580000)
  object space 62976K, 61% used [0x0000000080000000,0x0000000082612ab0,0x0000000083d80000)
 Metaspace       used 56968K, capacity 58818K, committed 59160K, reserved 1099776K
  class space    used 7386K, capacity 7874K, committed 7976K, reserved 1048576K
}

